<?xml version="1.0" encoding="UTF-8"?>
<!-- Generated by org.testng.reporters.JUnitXMLReporter -->
<testsuite hostname="Roberto.local" name="Default test" tests="3" failures="0" timestamp="3 Sep 2021 08:34:37 GMT" time="64.014" errors="0">
  <testcase name="run" time="29.982" classname="com.test.seleniumTest.big_sur_chrome"/>
  <testcase name="run1" time="13.027" classname="com.test.seleniumTest.big_sur_chrome"/>
  <testcase name="run2" time="20.982" classname="com.test.seleniumTest.big_sur_chrome"/>
</testsuite> <!-- Default test -->
