<?xml version="1.0" encoding="UTF-8"?>
<!-- Generated by org.testng.reporters.JUnitXMLReporter -->
<testsuite hostname="Roberto.local" name="Test" tests="1" failures="1" timestamp="3 Sep 2021 04:18:26 GMT" time="0.047" errors="0">
  <testcase name="run" time="0.016" classname="com.test.seleniumTest.TestClass1">
    <failure type="java.lang.IllegalAccessException" message="Class org.testng.internal.MethodInvocationHelper can not access a member of class com.test.seleniumTest.TestClass1 with modifiers &amp;quot;public&amp;quot;">
      <![CDATA[java.lang.IllegalAccessException: Class org.testng.internal.MethodInvocationHelper can not access a member of class com.test.seleniumTest.TestClass1 with modifiers "public"
... Removed 24 stack frames]]>
    </failure>
  </testcase> <!-- run -->
</testsuite> <!-- Test -->
