<?xml version="1.0" encoding="UTF-8"?>
<testng-results skipped="0" failed="0" total="2" passed="2">
  <reporter-output>
  </reporter-output>
  <suite name="Suite1" duration-ms="35035" started-at="2021-09-03T03:39:57Z" finished-at="2021-09-03T03:40:32Z">
    <groups>
    </groups>
    <test name="Test" duration-ms="35035" started-at="2021-09-03T03:39:57Z" finished-at="2021-09-03T03:40:32Z">
      <class name="com.test.seleniumTest.SeleniumTest">
        <test-method status="PASS" signature="initBrowser()[pri:0, instance:com.test.seleniumTest.SeleniumTest@147ed70f]" name="initBrowser" is-config="true" duration-ms="35" started-at="2021-09-02T20:39:57Z" finished-at="2021-09-02T20:39:57Z">
          <reporter-output>
          </reporter-output>
        </test-method> <!-- initBrowser -->
        <test-method status="PASS" signature="initBrowser()[pri:0, instance:com.test.seleniumTest.SeleniumTest@147ed70f]" name="initBrowser" is-config="true" duration-ms="0" started-at="2021-09-02T20:39:57Z" finished-at="2021-09-02T20:39:57Z">
          <reporter-output>
          </reporter-output>
        </test-method> <!-- initBrowser -->
        <test-method status="PASS" signature="browserSearchTest()[pri:0, instance:com.test.seleniumTest.SeleniumTest@147ed70f]" name="browserSearchTest" duration-ms="16456" started-at="2021-09-02T20:39:57Z" finished-at="2021-09-02T20:40:13Z">
          <reporter-output>
          </reporter-output>
        </test-method> <!-- browserSearchTest -->
        <test-method status="PASS" signature="browserStackLogInTest()[pri:0, instance:com.test.seleniumTest.SeleniumTest@147ed70f]" name="browserStackLogInTest" duration-ms="18535" started-at="2021-09-02T20:40:13Z" finished-at="2021-09-02T20:40:32Z">
          <reporter-output>
          </reporter-output>
        </test-method> <!-- browserStackLogInTest -->
      </class> <!-- com.test.seleniumTest.SeleniumTest -->
    </test> <!-- Test -->
  </suite> <!-- Suite1 -->
</testng-results>
