<?xml version="1.0" encoding="UTF-8"?>
<testng-results skipped="0" failed="0" total="1" passed="1">
  <reporter-output>
  </reporter-output>
  <suite name="Default suite" duration-ms="20987" started-at="2021-09-02T06:22:15Z" finished-at="2021-09-02T06:22:36Z">
    <groups>
    </groups>
    <test name="Default test" duration-ms="20987" started-at="2021-09-02T06:22:15Z" finished-at="2021-09-02T06:22:36Z">
      <class name="com.test.seleniumTest.SeleniumTest">
        <test-method status="PASS" signature="test()[pri:0, instance:com.test.seleniumTest.SeleniumTest@1184ab05]" name="test" duration-ms="20929" started-at="2021-09-01T23:22:15Z" finished-at="2021-09-01T23:22:36Z">
          <reporter-output>
          </reporter-output>
        </test-method> <!-- test -->
      </class> <!-- com.test.seleniumTest.SeleniumTest -->
    </test> <!-- Default test -->
  </suite> <!-- Default suite -->
</testng-results>
